Even VSync 129
Odd VSync 16222
irq at 149854 line -1
irq at 304237 line -1
Even VSync 336222
irq at 469854 line 99
irq at 623725 line 250
Odd VSync 656222
irq at 101359 line 99
irq at 255742 line 250
Even VSync 287727
irq at 421359 line 99
irq at 575230 line 250
Odd VSync 607727
frame length: 640000 (625 lines)

irq at 101359 line 99
irq at 255742 line 250
Even VSync 287727
irq at 421359 line 99
irq at 575230 line 250
Odd VSync 607727
frame length: 640000 (625 lines)

irq at 101359 line 99
irq at 255742 line 250
Even VSync 287727
irq at 421359 line 99
irq at 575230 line 250
Odd VSync 607727
frame length: 640000 (625 lines)

irq at 101359 line 99
irq at 255742 line 250
Even VSync 287727
irq at 421359 line 99
irq at 575230 line 250
Odd VSync 607727
frame length: 640000 (625 lines)

irq at 101359 line 99
irq at 255742 line 250
Even VSync 287727
irq at 421359 line 99
irq at 575230 line 250
Odd VSync 607727
frame length: 640000 (625 lines)

irq at 101359 line 99
irq at 255742 line 250
Even VSync 287727
