Even VSync 226
irq at 76764 line -1
irq at 230635 line -1
Odd VSync 263131
irq at 101360 line 99
irq at 255743 line 250
Even VSync 287727
irq at 421360 line 99
irq at 575231 line 250
Odd VSync 607728
frame length: 640000 (625 lines)

irq at 101360 line 99
irq at 255743 line 250
Even VSync 287728
irq at 421360 line 99
irq at 575231 line 250
Odd VSync 607727
frame length: 640000 (625 lines)

irq at 101360 line 99
irq at 255743 line 250
Even VSync 287727
irq at 421360 line 99
irq at 575231 line 250
Odd VSync 607728
frame length: 640000 (625 lines)

irq at 101360 line 99
irq at 255743 line 250
Even VSync 287728
irq at 421360 line 99
irq at 575231 line 250
Odd VSync 607727
frame length: 640000 (625 lines)

irq at 101360 line 99
irq at 255743 line 250
Even VSync 287727
irq at 421360 line 99
irq at 575231 line 250
Odd VSync 607727
frame length: 640000 (625 lines)

irq at 101360 line 99
irq at 255743 line 250
Even VSync 287728
irq at 421360 line 99
irq at 575231 line 250
Odd VSync 607728
frame length: 640000 (625 lines)

