Even VSync 91
irq at 32974 line -1
Odd VSync 65471
irq at 101362 line 99
irq at 255744 line 250
Even VSync 287729
irq at 421362 line 99
irq at 575232 line 250
Odd VSync 607729
frame length: 640000 (625 lines)

irq at 101362 line 99
irq at 255744 line 250
Even VSync 287729
irq at 421362 line 99
irq at 575232 line 250
Odd VSync 607729
frame length: 640000 (625 lines)

irq at 101362 line 99
irq at 255744 line 250
Even VSync 287729
irq at 421362 line 99
irq at 575232 line 250
Odd VSync 607729
frame length: 640000 (625 lines)

irq at 101362 line 99
irq at 255744 line 250
Even VSync 287729
irq at 421362 line 99
irq at 575232 line 250
Odd VSync 607729
frame length: 640000 (625 lines)

irq at 101362 line 99
irq at 255744 line 250
Even VSync 287729
irq at 421362 line 99
irq at 575232 line 250
Odd VSync 607729
frame length: 640000 (625 lines)

irq at 101362 line 99
irq at 255744 line 250
Even VSync 287729
irq at 421362 line 99
irq at 575232 line 250
Odd VSync 607729
frame length: 640000 (625 lines)

irq at 101362 line 99
irq at 255744 line 250
