Even VSync 362
irq at 2048 line -1
Odd VSync 2174
irq at 101361 line 99
irq at 255743 line 250
Even VSync 287728
irq at 421361 line 99
irq at 575231 line 250
Odd VSync 607728
frame length: 640000 (625 lines)

irq at 101361 line 99
irq at 255743 line 250
Even VSync 287728
irq at 421361 line 99
irq at 575231 line 250
Odd VSync 607728
frame length: 640000 (625 lines)

irq at 101361 line 99
irq at 255744 line 250
Even VSync 287728
irq at 421361 line 99
irq at 575231 line 250
Odd VSync 607729
frame length: 640000 (625 lines)

irq at 101361 line 99
irq at 255744 line 250
Even VSync 287729
irq at 421361 line 99
irq at 575232 line 250
Odd VSync 607729
frame length: 640000 (625 lines)

irq at 101361 line 99
irq at 255744 line 250
Even VSync 287729
irq at 421361 line 99
irq at 575232 line 250
Odd VSync 607729
frame length: 640000 (625 lines)

irq at 101361 line 99
irq at 255744 line 250
Even VSync 287729
irq at 421361 line 99
irq at 575232 line 250
Odd VSync 607728
frame length: 640000 (625 lines)

irq at 101361 line 99
irq at 255744 line 250
Even VSync 287728
